<?xml version="1.0" encoding="UTF-8"?>
<!-- Generated by org.testng.reporters.JUnitReportReporter -->
<testsuite hostname="LAPTOP-VRAFTVET" failures="0" tests="3" name="com.cra.qa.testcases.logintestcase" time="27.912" errors="0" timestamp="2024-03-06T20:43:24 IST" skipped="0">
  <testcase classname="com.cra.qa.testcases.logintestcase" name="loginPageTitleTest" time="7.547"/>
  <system-out/>
  <testcase classname="com.cra.qa.testcases.logintestcase" name="crmLogoImageTest" time="7.001"/>
  <system-out/>
  <testcase classname="com.cra.qa.testcases.logintestcase" name="loginTest" time="13.364"/>
  <system-out/>
</testsuite> <!-- com.cra.qa.testcases.logintestcase -->
