<?xml version="1.0" encoding="UTF-8"?>
<!-- Generated by org.testng.reporters.JUnitReportReporter -->
<testsuite hostname="LAPTOP-VRAFTVET" failures="0" tests="1" name="com.cra.qa.testcases.BankingCustomerTestcase" time="8.084" errors="0" timestamp="2024-03-06T22:29:28 IST" skipped="0">
  <testcase classname="com.cra.qa.testcases.BankingCustomerTestcase" name="validateCustomerLogin" time="8.084"/>
</testsuite> <!-- com.cra.qa.testcases.BankingCustomerTestcase -->
